INFO  started: Metals version 0.8.1 in workspace '/home/popasmuerf/src/data_science/sparklab/basics/scala/wordcount'
INFO  time: initialize in 0.34s
INFO  shutting down Metals
INFO  started: Metals version 0.8.1 in workspace '/home/popasmuerf/src/data_science/sparklab/basics/scala/wordcount'
INFO  time: initialize in 0.29s
INFO  skipping build import with status 'Requested'
WARN  no build target for: /home/popasmuerf/src/data_science/sparklab/basics/scala/wordcount/src/main/scala/Driver.scala
WARN  no build target for: /home/popasmuerf/src/data_science/sparklab/basics/scala/wordcount/src/main/scala/Driver.scala
INFO  no build target: using presentation compiler with only scala-library
WARN  no build target for: /home/popasmuerf/src/data_science/sparklab/basics/scala/wordcount/src/main/scala/Driver.scala
WARN  no build target for: /home/popasmuerf/src/data_science/sparklab/basics/scala/wordcount/src/main/scala/Driver.scala
WARN  no build target for: /home/popasmuerf/src/data_science/sparklab/basics/scala/wordcount/src/main/scala/Driver.scala
WARN  no build target for: /home/popasmuerf/src/data_science/sparklab/basics/scala/wordcount/src/main/scala/Driver.scala
WARN  no build target for: /home/popasmuerf/src/data_science/sparklab/basics/scala/wordcount/src/main/scala/Driver.scala
WARN  no build target for: /home/popasmuerf/src/data_science/sparklab/basics/scala/wordcount/src/main/scala/Driver.scala
WARN  no build target for: /home/popasmuerf/src/data_science/sparklab/basics/scala/wordcount/src/main/scala/Driver.scala
WARN  no build target for: /home/popasmuerf/src/data_science/sparklab/basics/scala/wordcount/src/main/scala/Driver.scala
WARN  no build target for: /home/popasmuerf/src/data_science/sparklab/basics/scala/wordcount/src/main/scala/Driver.scala
WARN  no build target for: /home/popasmuerf/src/data_science/sparklab/basics/scala/wordcount/src/main/scala/Driver.scala
WARN  no build target for: /home/popasmuerf/src/data_science/sparklab/basics/scala/wordcount/src/main/scala/Driver.scala
WARN  no build target for: /home/popasmuerf/src/data_science/sparklab/basics/scala/wordcount/src/main/scala/Driver.scala
WARN  no build target for: /home/popasmuerf/src/data_science/sparklab/basics/scala/wordcount/src/main/scala/Driver.scala
WARN  no build target for: /home/popasmuerf/src/data_science/sparklab/basics/scala/wordcount/src/main/scala/Driver.scala
WARN  no build target for: /home/popasmuerf/src/data_science/sparklab/basics/scala/wordcount/src/main/scala/Driver.scala
WARN  no build target for: /home/popasmuerf/src/data_science/sparklab/basics/scala/wordcount/src/main/scala/Driver.scala
WARN  no build target for: /home/popasmuerf/src/data_science/sparklab/basics/scala/wordcount/src/main/scala/Driver.scala
WARN  no build target for: /home/popasmuerf/src/data_science/sparklab/basics/scala/wordcount/src/main/scala/Driver.scala
WARN  no build target for: /home/popasmuerf/src/data_science/sparklab/basics/scala/wordcount/src/main/scala/Driver.scala
WARN  no build target for: /home/popasmuerf/src/data_science/sparklab/basics/scala/wordcount/src/main/scala/Driver.scala
WARN  no build target for: /home/popasmuerf/src/data_science/sparklab/basics/scala/wordcount/src/main/scala/Driver.scala
WARN  no build target for: /home/popasmuerf/src/data_science/sparklab/basics/scala/wordcount/src/main/scala/Driver.scala
WARN  no build target for: /home/popasmuerf/src/data_science/sparklab/basics/scala/wordcount/src/main/scala/Driver.scala
WARN  no build target for: /home/popasmuerf/src/data_science/sparklab/basics/scala/wordcount/src/main/scala/Driver.scala
WARN  no build target for: /home/popasmuerf/src/data_science/sparklab/basics/scala/wordcount/src/main/scala/Driver.scala
WARN  no build target for: /home/popasmuerf/src/data_science/sparklab/basics/scala/wordcount/src/main/scala/Driver.scala
WARN  no build target for: /home/popasmuerf/src/data_science/sparklab/basics/scala/wordcount/src/main/scala/Driver.scala
WARN  no build target for: /home/popasmuerf/src/data_science/sparklab/basics/scala/wordcount/src/main/scala/Driver.scala
WARN  no build target for: /home/popasmuerf/src/data_science/sparklab/basics/scala/wordcount/src/main/scala/Driver.scala
WARN  no build target for: /home/popasmuerf/src/data_science/sparklab/basics/scala/wordcount/src/main/scala/Driver.scala
WARN  no build target for: /home/popasmuerf/src/data_science/sparklab/basics/scala/wordcount/src/main/scala/Driver.scala
WARN  no build target for: /home/popasmuerf/src/data_science/sparklab/basics/scala/wordcount/src/main/scala/Driver.scala
WARN  no build target for: /home/popasmuerf/src/data_science/sparklab/basics/scala/wordcount/src/main/scala/Driver.scala
WARN  no build target for: /home/popasmuerf/src/data_science/sparklab/basics/scala/wordcount/src/main/scala/Driver.scala
WARN  no build target for: /home/popasmuerf/src/data_science/sparklab/basics/scala/wordcount/src/main/scala/Driver.scala
WARN  no build target for: /home/popasmuerf/src/data_science/sparklab/basics/scala/wordcount/src/main/scala/Driver.scala
WARN  no build target for: /home/popasmuerf/src/data_science/sparklab/basics/scala/wordcount/src/main/scala/Driver.scala
WARN  no build target for: /home/popasmuerf/src/data_science/sparklab/basics/scala/wordcount/src/main/scala/Driver.scala
WARN  no build target for: /home/popasmuerf/src/data_science/sparklab/basics/scala/wordcount/src/main/scala/Driver.scala
WARN  no build target for: /home/popasmuerf/src/data_science/sparklab/basics/scala/wordcount/src/main/scala/Driver.scala
WARN  no build target for: /home/popasmuerf/src/data_science/sparklab/basics/scala/wordcount/src/main/scala/Driver.scala
WARN  no build target for: /home/popasmuerf/src/data_science/sparklab/basics/scala/wordcount/src/main/scala/Driver.scala
WARN  no build target for: /home/popasmuerf/src/data_science/sparklab/basics/scala/wordcount/src/main/scala/Driver.scala
WARN  no build target for: /home/popasmuerf/src/data_science/sparklab/basics/scala/wordcount/src/main/scala/Driver.scala
WARN  no build target for: /home/popasmuerf/src/data_science/sparklab/basics/scala/wordcount/src/main/scala/Driver.scala
WARN  no build target for: /home/popasmuerf/src/data_science/sparklab/basics/scala/wordcount/src/main/scala/Driver.scala
WARN  no build target for: /home/popasmuerf/src/data_science/sparklab/basics/scala/wordcount/src/main/scala/Driver.scala
INFO  skipping build import with status 'Requested'
INFO  skipping build import with status 'Requested'
INFO  skipping build import with status 'Requested'
INFO  skipping build import with status 'Dismissed'
INFO  skipping build import with status 'Dismissed'
INFO  skipping build import with status 'Dismissed'
INFO  skipping build import with status 'Dismissed'
INFO  skipping build import with status 'Dismissed'
INFO  skipping build import with status 'Dismissed'
INFO  skipping build import with status 'Dismissed'
INFO  skipping build import with status 'Dismissed'
INFO  skipping build import with status 'Dismissed'
INFO  skipping build import with status 'Dismissed'
INFO  skipping build import with status 'Dismissed'
INFO  skipping build import with status 'Dismissed'
INFO  skipping build import with status 'Dismissed'
INFO  skipping build import with status 'Dismissed'
INFO  skipping build import with status 'Dismissed'
INFO  skipping build import with status 'Dismissed'
INFO  skipping build import with status 'Dismissed'
INFO  skipping build import with status 'Dismissed'
INFO  skipping build import with status 'Dismissed'
INFO  skipping build import with status 'Dismissed'
INFO  skipping build import with status 'Dismissed'
INFO  skipping build import with status 'Dismissed'
INFO  skipping build import with status 'Dismissed'
INFO  skipping build import with status 'Dismissed'
INFO  skipping build import with status 'Dismissed'
INFO  skipping build import with status 'Dismissed'
INFO  skipping build import with status 'Dismissed'
INFO  skipping build import with status 'Dismissed'
INFO  skipping build import with status 'Dismissed'
INFO  skipping build import with status 'Dismissed'
INFO  skipping build import with status 'Dismissed'
INFO  skipping build import with status 'Dismissed'
INFO  skipping build import with status 'Dismissed'
INFO  skipping build import with status 'Dismissed'
INFO  skipping build import with status 'Dismissed'
INFO  skipping build import with status 'Dismissed'
INFO  skipping build import with status 'Dismissed'
INFO  skipping build import with status 'Dismissed'
INFO  skipping build import with status 'Dismissed'
INFO  skipping build import with status 'Dismissed'
INFO  skipping build import with status 'Dismissed'
INFO  skipping build import with status 'Dismissed'
INFO  skipping build import with status 'Dismissed'
INFO  skipping build import with status 'Dismissed'
INFO  skipping build import with status 'Dismissed'
INFO  skipping build import with status 'Dismissed'
INFO  skipping build import with status 'Dismissed'
INFO  skipping build import with status 'Dismissed'
INFO  skipping build import with status 'Dismissed'
INFO  skipping build import with status 'Dismissed'
INFO  skipping build import with status 'Dismissed'
INFO  skipping build import with status 'Dismissed'
INFO  skipping build import with status 'Dismissed'
INFO  skipping build import with status 'Dismissed'
INFO  skipping build import with status 'Dismissed'
INFO  skipping build import with status 'Dismissed'
INFO  skipping build import with status 'Dismissed'
INFO  skipping build import with status 'Dismissed'
INFO  shutting down Metals
